mode: set
order-service/internal/service/order_service.go:13.58,15.2 1 1
order-service/internal/service/order_service.go:17.100,18.21 1 1
order-service/internal/service/order_service.go:18.21,20.3 1 1
order-service/internal/service/order_service.go:21.2,21.29 1 1
order-service/internal/service/order_service.go:21.29,22.25 1 1
order-service/internal/service/order_service.go:22.25,24.4 1 1
order-service/internal/service/order_service.go:26.2,26.39 1 1
order-service/internal/service/order_service.go:28.83,30.2 1 1
order-service/internal/service/order_service.go:32.93,34.2 1 1
order-service/internal/service/order_service.go:36.78,38.16 2 1
order-service/internal/service/order_service.go:38.16,40.3 1 0
order-service/internal/service/order_service.go:41.2,41.18 1 1
order-service/internal/service/order_service.go:41.18,43.3 1 0
order-service/internal/service/order_service.go:44.2,44.33 1 1
order-service/internal/service/order_service.go:44.33,46.3 1 1
order-service/internal/service/order_service.go:47.2,47.36 1 1
order-service/internal/service/product_service.go:19.97,21.2 1 1
order-service/internal/service/product_service.go:23.89,25.2 1 0
order-service/internal/service/product_service.go:27.99,32.16 4 1
order-service/internal/service/product_service.go:32.16,35.3 2 1
order-service/internal/service/product_service.go:36.2,36.22 1 1
order-service/internal/service/product_service.go:36.22,38.3 1 0
order-service/internal/service/product_service.go:39.2,41.16 3 1
order-service/internal/service/product_service.go:41.16,43.3 1 0
order-service/internal/service/product_service.go:44.2,44.64 1 1
order-service/internal/service/product_service.go:44.64,46.3 1 0
order-service/internal/service/product_service.go:47.2,47.15 1 1
order-service/internal/service/product_service.go:50.77,53.2 2 1
